<?xml version="1.0" encoding="UTF-8"?>
<!-- Generated by org.testng.reporters.JUnitReportReporter -->
<testsuite hostname="MacBook-Air.local" failures="0" tests="11" name="TestCases.CheckoutTest" time="43.477" errors="0" timestamp="2025-05-11T16:03:51 IST" skipped="0">
  <testcase classname="TestCases.CheckoutTest" name="TC_01" time="9.394"/>
  <system-out/>
  <testcase classname="TestCases.CheckoutTest" name="TC_02" time="3.139"/>
  <system-out/>
  <testcase classname="TestCases.CheckoutTest" name="TC_03" time="3.432"/>
  <system-out/>
  <testcase classname="TestCases.CheckoutTest" name="TC_04" time="6.485"/>
  <system-out/>
  <testcase classname="TestCases.CheckoutTest" name="TC_05" time="7.983"/>
  <system-out/>
  <testcase classname="TestCases.CheckoutTest" name="TC_06" time="3.544"/>
  <system-out/>
  <testcase classname="TestCases.CheckoutTest" name="TC_07" time="3.556"/>
  <system-out/>
  <testcase classname="TestCases.CheckoutTest" name="TC_08" time="0.196"/>
  <system-out/>
  <testcase classname="TestCases.CheckoutTest" name="TC_09" time="0.948"/>
  <system-out/>
  <testcase classname="TestCases.CheckoutTest" name="TC_10" time="0.246"/>
  <system-out/>
  <testcase classname="TestCases.CheckoutTest" name="TC_11" time="4.554"/>
  <system-out/>
</testsuite> <!-- TestCases.CheckoutTest -->
