<?xml version="1.0" encoding="UTF-8"?>
<!-- Generated by org.testng.reporters.JUnitReportReporter -->
<testsuite hostname="MacBook-Air.local" failures="0" tests="9" name="TestCases.LoginTest" time="13.668" errors="0" timestamp="2025-05-09T23:53:42 IST" skipped="0">
  <testcase classname="TestCases.LoginTest" name="TC01" time="4.078"/>
  <system-out/>
  <testcase classname="TestCases.LoginTest" name="TC02" time="0.707"/>
  <system-out/>
  <testcase classname="TestCases.LoginTest" name="TC03" time="0.670"/>
  <system-out/>
  <testcase classname="TestCases.LoginTest" name="TC04" time="0.627"/>
  <system-out/>
  <testcase classname="TestCases.LoginTest" name="TC05" time="0.550"/>
  <system-out/>
  <testcase classname="TestCases.LoginTest" name="TC06" time="0.493"/>
  <system-out/>
  <testcase classname="TestCases.LoginTest" name="TC07" time="0.849"/>
  <system-out/>
  <testcase classname="TestCases.LoginTest" name="TC08" time="0.677"/>
  <system-out/>
  <testcase classname="TestCases.LoginTest" name="TC09" time="5.017"/>
  <system-out/>
</testsuite> <!-- TestCases.LoginTest -->
